<?xml version="1.0" encoding="UTF-8"?>
<!-- Generated by org.testng.reporters.JUnitReportReporter -->
<testsuite hostname="LAPTOP-K8PVREI3" failures="0" tests="1" name="practice_package.Sample2Test" time="0.001" errors="0" timestamp="2023-01-18T12:39:08 IST" skipped="0">
  <testcase classname="practice_package.Sample2Test" name="sample_2_Test" time="0.001"/>
  <system-out/>
</testsuite> <!-- practice_package.Sample2Test -->
