<?xml version="1.0" encoding="UTF-8"?>
<!-- Generated by org.testng.reporters.JUnitReportReporter -->
<testsuite hostname="LAPTOP-K8PVREI3" failures="0" tests="1" name="create_Test.CreateTest" time="0.009" errors="0" timestamp="2023-01-18T13:03:30 IST" skipped="0">
  <testcase classname="create_Test.CreateTest" name="parameter" time="0.009"/>
  <system-out/>
</testsuite> <!-- create_Test.CreateTest -->
