<?xml version="1.0" encoding="UTF-8"?>
<!-- Generated by org.testng.reporters.JUnitReportReporter -->
<testsuite hostname="LAPTOP-K8PVREI3" failures="0" tests="1" name="practice_package.Sample3Test" time="0.008" errors="0" timestamp="2023-01-18T12:39:08 IST" skipped="0">
  <testcase classname="practice_package.Sample3Test" name="sample_3_Test" time="0.008"/>
  <system-out/>
</testsuite> <!-- practice_package.Sample3Test -->
